0 info it worked if it ends with ok
1 verbose cli [ 'C:\\Program Files\\nodejs\\node.exe',
1 verbose cli   'C:\\Program Files\\nodejs\\node_modules\\npm\\bin\\npm-cli.js',
1 verbose cli   'run',
1 verbose cli   'devserver' ]
2 info using npm@3.10.10
3 info using node@v6.9.5
4 verbose run-script [ 'predevserver', 'devserver', 'postdevserver' ]
5 info lifecycle zdrojak@1.0.0~predevserver: zdrojak@1.0.0
6 silly lifecycle zdrojak@1.0.0~predevserver: no script for predevserver, continuing
7 info lifecycle zdrojak@1.0.0~devserver: zdrojak@1.0.0
8 verbose lifecycle zdrojak@1.0.0~devserver: unsafe-perm in lifecycle true
9 verbose lifecycle zdrojak@1.0.0~devserver: PATH: C:\Program Files\nodejs\node_modules\npm\bin\node-gyp-bin;C:\vyvoj\TUTORIALS\REDUX+REACT\zdrojak-2-redux\node_modules\.bin;C:\Python27\;C:\Python27\Scripts;C:\ProgramData\Oracle\Java\javapath;C:\WINDOWS\system32;C:\WINDOWS;C:\WINDOWS\System32\Wbem;C:\WINDOWS\System32\WindowsPowerShell\v1.0\;C:\Program Files\Microsoft SQL Server\130\Tools\Binn\;C:\Program Files (x86)\Windows Live\Shared;C:\Programy\Git\cmd;C:\Program Files (x86)\Windows Kits\10\Windows Performance Toolkit\;C:\Program Files\nodejs\;C:\Programy\Microsoft VS Code\bin;C:\Users\mail\AppData\Local\Microsoft\WindowsApps;C:\Users\mail\AppData\Roaming\npm;C:\Program Files\Heroku\bin;C:\Webserver\php5.6
10 verbose lifecycle zdrojak@1.0.0~devserver: CWD: C:\vyvoj\TUTORIALS\REDUX+REACT\zdrojak-2-redux
11 silly lifecycle zdrojak@1.0.0~devserver: Args: [ '/d /s /c', 'webpack-dev-server --inline' ]
12 silly lifecycle zdrojak@1.0.0~devserver: Returned: code: 3221225786  signal: null
13 info lifecycle zdrojak@1.0.0~devserver: Failed to exec devserver script
14 verbose stack Error: zdrojak@1.0.0 devserver: `webpack-dev-server --inline`
14 verbose stack Exit status 3221225786
14 verbose stack     at EventEmitter.<anonymous> (C:\Program Files\nodejs\node_modules\npm\lib\utils\lifecycle.js:255:16)
14 verbose stack     at emitTwo (events.js:106:13)
14 verbose stack     at EventEmitter.emit (events.js:191:7)
14 verbose stack     at ChildProcess.<anonymous> (C:\Program Files\nodejs\node_modules\npm\lib\utils\spawn.js:40:14)
14 verbose stack     at emitTwo (events.js:106:13)
14 verbose stack     at ChildProcess.emit (events.js:191:7)
14 verbose stack     at maybeClose (internal/child_process.js:877:16)
14 verbose stack     at Process.ChildProcess._handle.onexit (internal/child_process.js:226:5)
15 verbose pkgid zdrojak@1.0.0
16 verbose cwd C:\vyvoj\TUTORIALS\REDUX+REACT\zdrojak-2-redux
17 error Windows_NT 10.0.14393
18 error argv "C:\\Program Files\\nodejs\\node.exe" "C:\\Program Files\\nodejs\\node_modules\\npm\\bin\\npm-cli.js" "run" "devserver"
19 error node v6.9.5
20 error npm  v3.10.10
21 error code ELIFECYCLE
22 error zdrojak@1.0.0 devserver: `webpack-dev-server --inline`
22 error Exit status 3221225786
23 error Failed at the zdrojak@1.0.0 devserver script 'webpack-dev-server --inline'.
23 error Make sure you have the latest version of node.js and npm installed.
23 error If you do, this is most likely a problem with the zdrojak package,
23 error not with npm itself.
23 error Tell the author that this fails on your system:
23 error     webpack-dev-server --inline
23 error You can get information on how to open an issue for this project with:
23 error     npm bugs zdrojak
23 error Or if that isn't available, you can get their info via:
23 error     npm owner ls zdrojak
23 error There is likely additional logging output above.
24 verbose exit [ 1, true ]
